<?xml version="1.0" encoding="UTF-8"?>
<testsuite xmlns:xsi="http://www.w3.org/2001/XMLSchema-instance" xsi:noNamespaceSchemaLocation="https://maven.apache.org/surefire/maven-surefire-plugin/xsd/surefire-test-report.xsd" version="3.0.2" name="com.khattitoffe.compiler_service.CompilerServiceApplicationTests" time="7.293" tests="1" errors="0" skipped="0" failures="0">
  <properties>
[...]
</properties>
  <testcase name="contextLoads" classname="com.khattitoffe.compiler_service.CompilerServiceApplicationTests" time="1.349">
    <system-out><![CDATA[20:20:57.893 [main] INFO org.springframework.test.context.support.AnnotationConfigContextLoaderUtils -- Could not detect default configuration classes for test class [com.khattitoffe.compiler_service.CompilerServiceApplicationTests]: CompilerServiceApplicationTests does not declare any static, non-private, non-final, nested classes annotated with @Configuration.
20:20:58.192 [main] INFO org.springframework.boot.test.context.SpringBootTestContextBootstrapper -- Found @SpringBootConfiguration com.khattitoffe.compiler_service.CompilerServiceApplication for test class com.khattitoffe.compiler_service.CompilerServiceApplicationTests

  .   ____          _            __ _ _
 /\\ / ___'_ __ _ _(_)_ __  __ _ \ \ \ \
( ( )\___ | '_ | '_| | '_ \/ _` | \ \ \ \
 \\/  ___)| |_)| | | | | || (_| |  ) ) ) )
  '  |____| .__|_| |_|_| |_\__, | / / / /
 =========|_|==============|___/=/_/_/_/

 :: Spring Boot ::             (v4.0.0-M3)

2025-09-28T20:20:59.101+05:30  INFO 19512 --- [compiler_service] [           main] c.k.c.CompilerServiceApplicationTests    : Starting CompilerServiceApplicationTests using Java 21.0.6 with PID 19512 (started by ACER in E:\Spring Boot\project\compiler_service\compiler_service)
2025-09-28T20:20:59.105+05:30  INFO 19512 --- [compiler_service] [           main] c.k.c.CompilerServiceApplicationTests    : No active profile set, falling back to 1 default profile: "default"
2025-09-28T20:21:02.360+05:30  WARN 19512 --- [compiler_service] [           main] .a.s.UserDetailsServiceAutoConfiguration : 

Using generated security password: 7ea22321-4c85-4d36-9f2f-163044ec565a

This generated password is for development use only. Your security configuration must be updated before running your application in production.

2025-09-28T20:21:02.375+05:30  INFO 19512 --- [compiler_service] [           main] r$InitializeUserDetailsManagerConfigurer : Global AuthenticationManager configured with UserDetailsService bean with name inMemoryUserDetailsManager
2025-09-28T20:21:03.454+05:30  INFO 19512 --- [compiler_service] [           main] c.k.c.CompilerServiceApplicationTests    : Started CompilerServiceApplicationTests in 4.995 seconds (process running for 6.918)
]]></system-out>
    <system-err><![CDATA[Mockito is currently self-attaching to enable the inline-mock-maker. This will no longer work in future releases of the JDK. Please add Mockito as an agent to your build as described in Mockito's documentation: https://javadoc.io/doc/org.mockito/mockito-core/latest/org.mockito/org/mockito/Mockito.html#0.3
WARNING: A Java agent has been loaded dynamically (C:\Users\ACER\.m2\repository\net\bytebuddy\byte-buddy-agent\1.17.7\byte-buddy-agent-1.17.7.jar)
WARNING: If a serviceability tool is in use, please run with -XX:+EnableDynamicAgentLoading to hide this warning
WARNING: If a serviceability tool is not in use, please run with -Djdk.instrument.traceUsage for more information
WARNING: Dynamic loading of agents will be disallowed by default in a future release
]]></system-err>
  </testcase>
</testsuite>